-------------------------------------------------------------------------------
Test set: runner.TestRunner
-------------------------------------------------------------------------------
Tests run: 1, Failures: 0, Errors: 1, Skipped: 0, Time elapsed: 2.364 s <<< FAILURE! - in runner.TestRunner
runner.TestRunner  Time elapsed: 2.363 s  <<< ERROR!
java.lang.UnsupportedClassVersionError: org/openqa/selenium/WebDriver has been compiled by a more recent version of the Java Runtime (class file version 55.0), this version of the Java Runtime only recognizes class file versions up to 52.0

