<?xml version="1.0" encoding="UTF-8"?>
<testsuite xmlns:xsi="http://www.w3.org/2001/XMLSchema-instance" xsi:noNamespaceSchemaLocation="https://maven.apache.org/surefire/maven-surefire-plugin/xsd/surefire-test-report.xsd" name="runner.TestRunner" time="2.364" tests="1" errors="1" skipped="0" failures="0">
  <properties>
[...]
</properties>
  <testcase name="runner.TestRunner" classname="runner.TestRunner" time="2.363">
    <error message="org/openqa/selenium/WebDriver has been compiled by a more recent version of the Java Runtime (class file version 55.0), this version of the Java Runtime only recognizes class file versions up to 52.0" type="java.lang.UnsupportedClassVersionError">java.lang.UnsupportedClassVersionError: org/openqa/selenium/WebDriver has been compiled by a more recent version of the Java Runtime (class file version 55.0), this version of the Java Runtime only recognizes class file versions up to 52.0
</error>
    <system-out><![CDATA[      io.cucumber.core.exception.CompositeCucumberException: There were 2 exceptions. The details are in the stacktrace below.
	at io.cucumber.core.runtime.RethrowingThrowableCollector.getThrowable(RethrowingThrowableCollector.java:57)
	at io.cucumber.core.runtime.CucumberExecutionContext.getThrowable(CucumberExecutionContext.java:102)
	at io.cucumber.core.runtime.CucumberExecutionContext.finishTestRun(CucumberExecutionContext.java:97)
	at io.cucumber.junit.Cucumber$FinishTestRun.evaluate(Cucumber.java:250)
	at org.junit.runners.ParentRunner.run(ParentRunner.java:309)
	at org.apache.maven.surefire.junit4.JUnit4Provider.execute(JUnit4Provider.java:365)
	at org.apache.maven.surefire.junit4.JUnit4Provider.executeWithRerun(JUnit4Provider.java:273)
	at org.apache.maven.surefire.junit4.JUnit4Provider.executeTestSet(JUnit4Provider.java:238)
	at org.apache.maven.surefire.junit4.JUnit4Provider.invoke(JUnit4Provider.java:159)
	at org.apache.maven.surefire.booter.ForkedBooter.invokeProviderInSameClassLoader(ForkedBooter.java:384)
	at org.apache.maven.surefire.booter.ForkedBooter.runSuitesInProcess(ForkedBooter.java:345)
	at org.apache.maven.surefire.booter.ForkedBooter.execute(ForkedBooter.java:126)
	at org.apache.maven.surefire.booter.ForkedBooter.main(ForkedBooter.java:418)
	Suppressed: java.lang.UnsupportedClassVersionError: org/openqa/selenium/WebDriver has been compiled by a more recent version of the Java Runtime (class file version 55.0), this version of the Java Runtime only recognizes class file versions up to 52.0
		at java.lang.ClassLoader.defineClass1(Native Method)
		at java.lang.ClassLoader.defineClass(ClassLoader.java:763)
		at java.security.SecureClassLoader.defineClass(SecureClassLoader.java:142)
		at java.net.URLClassLoader.defineClass(URLClassLoader.java:467)
		at java.net.URLClassLoader.access$100(URLClassLoader.java:73)
		at java.net.URLClassLoader$1.run(URLClassLoader.java:368)
		at java.net.URLClassLoader$1.run(URLClassLoader.java:362)
		at java.security.AccessController.doPrivileged(Native Method)
		at java.net.URLClassLoader.findClass(URLClassLoader.java:361)
		at java.lang.ClassLoader.loadClass(ClassLoader.java:424)
		at sun.misc.Launcher$AppClassLoader.loadClass(Launcher.java:331)
		at java.lang.ClassLoader.loadClass(ClassLoader.java:357)
		at java.lang.Class.getDeclaredMethods0(Native Method)
		at java.lang.Class.privateGetDeclaredMethods(Class.java:2701)
		at java.lang.Class.privateGetPublicMethods(Class.java:2902)
		at java.lang.Class.getMethods(Class.java:1615)
		at io.cucumber.java.MethodScanner.safelyGetMethods(MethodScanner.java:39)
		at io.cucumber.java.MethodScanner.scan(MethodScanner.java:32)
		at io.cucumber.java.JavaBackend.lambda$loadGlue$2(JavaBackend.java:41)
		at java.util.stream.ForEachOps$ForEachOp$OfRef.accept(ForEachOps.java:184)
		at java.util.stream.DistinctOps$1$2.accept(DistinctOps.java:175)
		at java.util.ArrayList$ArrayListSpliterator.forEachRemaining(ArrayList.java:1374)
		at java.util.stream.ReferencePipeline$Head.forEach(ReferencePipeline.java:580)
		at java.util.stream.ReferencePipeline$7$1.accept(ReferencePipeline.java:270)
		at java.util.stream.ReferencePipeline$3$1.accept(ReferencePipeline.java:193)
		at java.util.stream.ReferencePipeline$3$1.accept(ReferencePipeline.java:193)
		at java.util.stream.ReferencePipeline$2$1.accept(ReferencePipeline.java:175)
		at java.util.ArrayList$ArrayListSpliterator.forEachRemaining(ArrayList.java:1374)
		at java.util.stream.AbstractPipeline.copyInto(AbstractPipeline.java:481)
		at java.util.stream.AbstractPipeline.wrapAndCopyInto(AbstractPipeline.java:471)
		at java.util.stream.ForEachOps$ForEachOp.evaluateSequential(ForEachOps.java:151)
		at java.util.stream.ForEachOps$ForEachOp$OfRef.evaluateSequential(ForEachOps.java:174)
		at java.util.stream.AbstractPipeline.evaluate(AbstractPipeline.java:234)
		at java.util.stream.ReferencePipeline.forEach(ReferencePipeline.java:418)
		at io.cucumber.java.JavaBackend.loadGlue(JavaBackend.java:41)
		at io.cucumber.core.runner.Runner.<init>(Runner.java:56)
		at io.cucumber.core.runtime.ThreadLocalRunnerSupplier.createRunner(ThreadLocalRunnerSupplier.java:47)
		at java.lang.ThreadLocal$SuppliedThreadLocal.initialValue(ThreadLocal.java:284)
		at java.lang.ThreadLocal.setInitialValue(ThreadLocal.java:180)
		at java.lang.ThreadLocal.get(ThreadLocal.java:170)
		at io.cucumber.core.runtime.ThreadLocalRunnerSupplier.get(ThreadLocalRunnerSupplier.java:40)
		at io.cucumber.core.runtime.RethrowingThrowableCollector.executeAndThrow(RethrowingThrowableCollector.java:35)
		at io.cucumber.core.runtime.CucumberExecutionContext.getRunner(CucumberExecutionContext.java:133)
		at io.cucumber.core.runtime.CucumberExecutionContext.runBeforeAllHooks(CucumberExecutionContext.java:86)
		at io.cucumber.junit.Cucumber$RunBeforeAllHooks.evaluate(Cucumber.java:265)
		at io.cucumber.junit.Cucumber$RunAfterAllHooks.evaluate(Cucumber.java:281)
		at io.cucumber.junit.Cucumber$StartTestRun.evaluate(Cucumber.java:233)
		at io.cucumber.junit.Cucumber$FinishTestRun.evaluate(Cucumber.java:248)
		... 9 more
	Suppressed: java.lang.UnsupportedClassVersionError: org/openqa/selenium/WebDriver has been compiled by a more recent version of the Java Runtime (class file version 55.0), this version of the Java Runtime only recognizes class file versions up to 52.0
		at java.lang.ClassLoader.defineClass1(Native Method)
		at java.lang.ClassLoader.defineClass(ClassLoader.java:763)
		at java.security.SecureClassLoader.defineClass(SecureClassLoader.java:142)
		at java.net.URLClassLoader.defineClass(URLClassLoader.java:467)
		at java.net.URLClassLoader.access$100(URLClassLoader.java:73)
		at java.net.URLClassLoader$1.run(URLClassLoader.java:368)
		at java.net.URLClassLoader$1.run(URLClassLoader.java:362)
		at java.security.AccessController.doPrivileged(Native Method)
		at java.net.URLClassLoader.findClass(URLClassLoader.java:361)
		at java.lang.ClassLoader.loadClass(ClassLoader.java:424)
		at sun.misc.Launcher$AppClassLoader.loadClass(Launcher.java:331)
		at java.lang.ClassLoader.loadClass(ClassLoader.java:357)
		at java.lang.Class.getDeclaredMethods0(Native Method)
		at java.lang.Class.privateGetDeclaredMethods(Class.java:2701)
		at java.lang.Class.privateGetPublicMethods(Class.java:2902)
		at java.lang.Class.getMethods(Class.java:1615)
		at io.cucumber.java.MethodScanner.safelyGetMethods(MethodScanner.java:39)
		at io.cucumber.java.MethodScanner.scan(MethodScanner.java:32)
		at io.cucumber.java.JavaBackend.lambda$loadGlue$2(JavaBackend.java:41)
		at java.util.stream.ForEachOps$ForEachOp$OfRef.accept(ForEachOps.java:184)
		at java.util.stream.DistinctOps$1$2.accept(DistinctOps.java:175)
		at java.util.ArrayList$ArrayListSpliterator.forEachRemaining(ArrayList.java:1374)
		at java.util.stream.ReferencePipeline$Head.forEach(ReferencePipeline.java:580)
		at java.util.stream.ReferencePipeline$7$1.accept(ReferencePipeline.java:270)
		at java.util.stream.ReferencePipeline$3$1.accept(ReferencePipeline.java:193)
		at java.util.stream.ReferencePipeline$3$1.accept(ReferencePipeline.java:193)
		at java.util.stream.ReferencePipeline$2$1.accept(ReferencePipeline.java:175)
		at java.util.ArrayList$ArrayListSpliterator.forEachRemaining(ArrayList.java:1374)
		at java.util.stream.AbstractPipeline.copyInto(AbstractPipeline.java:481)
		at java.util.stream.AbstractPipeline.wrapAndCopyInto(AbstractPipeline.java:471)
		at java.util.stream.ForEachOps$ForEachOp.evaluateSequential(ForEachOps.java:151)
		at java.util.stream.ForEachOps$ForEachOp$OfRef.evaluateSequential(ForEachOps.java:174)
		at java.util.stream.AbstractPipeline.evaluate(AbstractPipeline.java:234)
		at java.util.stream.ReferencePipeline.forEach(ReferencePipeline.java:418)
		at io.cucumber.java.JavaBackend.loadGlue(JavaBackend.java:41)
		at io.cucumber.core.runner.Runner.<init>(Runner.java:56)
		at io.cucumber.core.runtime.ThreadLocalRunnerSupplier.createRunner(ThreadLocalRunnerSupplier.java:47)
		at java.lang.ThreadLocal$SuppliedThreadLocal.initialValue(ThreadLocal.java:284)
		at java.lang.ThreadLocal.setInitialValue(ThreadLocal.java:180)
		at java.lang.ThreadLocal.get(ThreadLocal.java:170)
		at io.cucumber.core.runtime.ThreadLocalRunnerSupplier.get(ThreadLocalRunnerSupplier.java:40)
		at io.cucumber.core.runtime.RethrowingThrowableCollector.executeAndThrow(RethrowingThrowableCollector.java:35)
		at io.cucumber.core.runtime.CucumberExecutionContext.getRunner(CucumberExecutionContext.java:133)
		at io.cucumber.core.runtime.CucumberExecutionContext.runAfterAllHooks(CucumberExecutionContext.java:91)
		at io.cucumber.junit.Cucumber$RunAfterAllHooks.evaluate(Cucumber.java:283)
		at io.cucumber.junit.Cucumber$StartTestRun.evaluate(Cucumber.java:233)
		at io.cucumber.junit.Cucumber$FinishTestRun.evaluate(Cucumber.java:248)
		... 9 more

]]></system-out>
    <system-err><![CDATA[????????????????????????????????????????????????????????????????????????????
? View your Cucumber Report at:                                            ?
? https://reports.cucumber.io/reports/1a701788-0a8d-4e69-9325-ff817f8b1dc9 ?
?                                                                          ?
? This report will self-destruct in 24h.                                   ?
? Keep reports forever: https://reports.cucumber.io/profile                ?
????????????????????????????????????????????????????????????????????????????]]></system-err>
  </testcase>
</testsuite>